Using pre-set license
Built from '2021.3/staging' branch; Version is '2021.3.19f1 (c9714fde33b6) revision 13201743'; Using compiler version '192829333'; Build Type 'Release'
OS: 'Windows 11  (10.0.22621) 64bit Professional' Language: 'pt' Physical Memory: 16329 MB
BatchMode: 1, IsHumanControllingUs: 0, StartBugReporterOnCrash: 0, Is64bit: 1, IsPro: 1

COMMAND LINE ARGUMENTS:
C:\Program Files\Unity\Hub\Editor\2021.3.19f1\Editor\Unity.exe
-adb2
-batchMode
-noUpm
-name
AssetImportWorker0
-projectPath
C:/Users/Luis/Documents/Faculdade/2023/23-01/DJO/T2/MisteriousChase
-logFile
Logs/AssetImportWorker0.log
-srvPort
55442
Successfully changed project path to: C:/Users/Luis/Documents/Faculdade/2023/23-01/DJO/T2/MisteriousChase
C:/Users/Luis/Documents/Faculdade/2023/23-01/DJO/T2/MisteriousChase
[UnityMemory] Configuration Parameters - Can be set up in boot.config
    "memorysetup-bucket-allocator-granularity=16"
    "memorysetup-bucket-allocator-bucket-count=8"
    "memorysetup-bucket-allocator-block-size=33554432"
    "memorysetup-bucket-allocator-block-count=8"
    "memorysetup-main-allocator-block-size=16777216"
    "memorysetup-thread-allocator-block-size=16777216"
    "memorysetup-gfx-main-allocator-block-size=16777216"
    "memorysetup-gfx-thread-allocator-block-size=16777216"
    "memorysetup-cache-allocator-block-size=4194304"
    "memorysetup-typetree-allocator-block-size=2097152"
    "memorysetup-profiler-bucket-allocator-granularity=16"
    "memorysetup-profiler-bucket-allocator-bucket-count=8"
    "memorysetup-profiler-bucket-allocator-block-size=33554432"
    "memorysetup-profiler-bucket-allocator-block-count=8"
    "memorysetup-profiler-allocator-block-size=16777216"
    "memorysetup-profiler-editor-allocator-block-size=1048576"
    "memorysetup-temp-allocator-size-main=16777216"
    "memorysetup-job-temp-allocator-block-size=2097152"
    "memorysetup-job-temp-allocator-block-size-background=1048576"
    "memorysetup-job-temp-allocator-reduction-small-platforms=262144"
    "memorysetup-temp-allocator-size-background-worker=32768"
    "memorysetup-temp-allocator-size-job-worker=262144"
    "memorysetup-temp-allocator-size-preload-manager=33554432"
    "memorysetup-temp-allocator-size-nav-mesh-worker=65536"
    "memorysetup-temp-allocator-size-audio-worker=65536"
    "memorysetup-temp-allocator-size-cloud-worker=32768"
    "memorysetup-temp-allocator-size-gi-baking-worker=262144"
    "memorysetup-temp-allocator-size-gfx=262144"
Player connection [19860] Host "[IP] 192.168.3.34 [Port] 0 [Flags] 2 [Guid] 4228845049 [EditorId] 4228845049 [Version] 1048832 [Id] WindowsEditor(7,LuisMasterPiece) [Debug] 1 [PackageName] WindowsEditor [ProjectName] Editor" joined multi-casting on [225.0.0.222:54997]...

Player connection [19860] Host "[IP] 192.168.3.34 [Port] 0 [Flags] 2 [Guid] 4228845049 [EditorId] 4228845049 [Version] 1048832 [Id] WindowsEditor(7,LuisMasterPiece) [Debug] 1 [PackageName] WindowsEditor [ProjectName] Editor" joined alternative multi-casting on [225.0.0.222:34997]...

Refreshing native plugins compatible for Editor in 172.98 ms, found 3 plugins.
Preloading 0 native plugins for Editor in 0.00 ms.
Initialize engine version: 2021.3.19f1 (c9714fde33b6)
[Subsystems] Discovering subsystems at path C:/Program Files/Unity/Hub/Editor/2021.3.19f1/Editor/Data/Resources/UnitySubsystems
[Subsystems] Discovering subsystems at path C:/Users/Luis/Documents/Faculdade/2023/23-01/DJO/T2/MisteriousChase/Assets
GfxDevice: creating device client; threaded=0; jobified=0
Direct3D:
    Version:  Direct3D 11.0 [level 11.1]
    Renderer: NVIDIA GeForce GTX 1650 SUPER (ID=0x2187)
    Vendor:   NVIDIA
    VRAM:     3943 MB
    Driver:   31.0.15.3758
Initialize mono
Mono path[0] = 'C:/Program Files/Unity/Hub/Editor/2021.3.19f1/Editor/Data/Managed'
Mono path[1] = 'C:/Program Files/Unity/Hub/Editor/2021.3.19f1/Editor/Data/MonoBleedingEdge/lib/mono/unityjit-win32'
Mono config path = 'C:/Program Files/Unity/Hub/Editor/2021.3.19f1/Editor/Data/MonoBleedingEdge/etc'
Using monoOptions --debugger-agent=transport=dt_socket,embedding=1,server=y,suspend=n,address=127.0.0.1:56044
Begin MonoManager ReloadAssembly
Registering precompiled unity dll's ...
Register platform support module: C:/Program Files/Unity/Hub/Editor/2021.3.19f1/Editor/Data/PlaybackEngines/AndroidPlayer/UnityEditor.Android.Extensions.dll
Register platform support module: C:/Program Files/Unity/Hub/Editor/2021.3.19f1/Editor/Data/PlaybackEngines/WindowsStandaloneSupport/UnityEditor.WindowsStandalone.Extensions.dll
Registered in 0.011496 seconds.
Native extension for WindowsStandalone target not found
Native extension for Android target not found
Android Extension - Scanning For ADB Devices 415 ms
Refreshing native plugins compatible for Editor in 169.08 ms, found 3 plugins.
Preloading 0 native plugins for Editor in 0.00 ms.
Mono: successfully reloaded assembly
- Completed reload, in  1.786 seconds
Domain Reload Profiling:
	ReloadAssembly (1787ms)
		BeginReloadAssembly (126ms)
			ExecutionOrderSort (0ms)
			DisableScriptedObjects (0ms)
			BackupInstance (0ms)
			ReleaseScriptingObjects (0ms)
			CreateAndSetChildDomain (1ms)
		EndReloadAssembly (1431ms)
			LoadAssemblies (124ms)
			RebuildTransferFunctionScriptingTraits (0ms)
			SetupTypeCache (185ms)
			ReleaseScriptCaches (0ms)
			RebuildScriptCaches (119ms)
			SetupLoadedEditorAssemblies (1040ms)
				LogAssemblyErrors (0ms)
				InitializePlatformSupportModulesInManaged (621ms)
				SetLoadedEditorAssemblies (0ms)
				RefreshPlugins (169ms)
				BeforeProcessingInitializeOnLoad (1ms)
				ProcessInitializeOnLoadAttributes (151ms)
				ProcessInitializeOnLoadMethodAttributes (96ms)
				AfterProcessingInitializeOnLoad (0ms)
				EditorAssembliesLoaded (0ms)
			ExecutionOrderSort2 (0ms)
			AwakeInstancesAfterBackupRestoration (0ms)
Platform modules already initialized, skipping
Registering precompiled user dll's ...
Registered in 0.015272 seconds.
Begin MonoManager ReloadAssembly
Symbol file LoadedFromMemory doesn't match image C:\Users\Luis\Documents\Faculdade\2023\23-01\DJO\T2\MisteriousChase\Library\PackageCache\com.unity.visualscripting@1.8.0\Editor\VisualScripting.Core\Dependencies\YamlDotNet\Unity.VisualScripting.YamlDotNet.dll
Symbol file LoadedFromMemory doesn't match image C:\Users\Luis\Documents\Faculdade\2023\23-01\DJO\T2\MisteriousChase\Library\PackageCache\com.unity.visualscripting@1.8.0\Editor\VisualScripting.Core\Dependencies\DotNetZip\Unity.VisualScripting.IonicZip.dll
Native extension for WindowsStandalone target not found
Native extension for Android target not found
Refreshing native plugins compatible for Editor in 0.99 ms, found 3 plugins.
Preloading 0 native plugins for Editor in 0.00 ms.
Mono: successfully reloaded assembly
Package Manager log level set to [2]
- Completed reload, in  4.457 seconds
Domain Reload Profiling:
	ReloadAssembly (4460ms)
		BeginReloadAssembly (701ms)
			ExecutionOrderSort (0ms)
			DisableScriptedObjects (15ms)
			BackupInstance (0ms)
			ReleaseScriptingObjects (0ms)
			CreateAndSetChildDomain (44ms)
		EndReloadAssembly (1666ms)
			LoadAssemblies (460ms)
			RebuildTransferFunctionScriptingTraits (0ms)
			SetupTypeCache (542ms)
			ReleaseScriptCaches (1ms)
			RebuildScriptCaches (89ms)
			SetupLoadedEditorAssemblies (763ms)
				LogAssemblyErrors (0ms)
				InitializePlatformSupportModulesInManaged (30ms)
				SetLoadedEditorAssemblies (1ms)
				RefreshPlugins (1ms)
				BeforeProcessingInitializeOnLoad (168ms)
				ProcessInitializeOnLoadAttributes (520ms)
				ProcessInitializeOnLoadMethodAttributes (30ms)
				AfterProcessingInitializeOnLoad (13ms)
				EditorAssembliesLoaded (0ms)
			ExecutionOrderSort2 (0ms)
			AwakeInstancesAfterBackupRestoration (8ms)
Platform modules already initialized, skipping
========================================================================
Worker process is ready to serve import requests
Launched and connected shader compiler UnityShaderCompiler.exe after 0.18 seconds
Refreshing native plugins compatible for Editor in 1.14 ms, found 3 plugins.
Preloading 0 native plugins for Editor in 0.00 ms.
Unloading 3801 Unused Serialized files (Serialized files now loaded: 0)
Unloading 52 unused Assets / (1.4 MB). Loaded Objects now: 4264.
Memory consumption went from 239.0 MB to 237.6 MB.
Total: 6.568100 ms (FindLiveObjects: 0.323400 ms CreateObjectMapping: 0.269300 ms MarkObjects: 5.628400 ms  DeleteObjects: 0.344800 ms)

AssetImportParameters requested are different than current active one (requested -> active):
  custom:video-decoder-ogg-theora: a1e56fd34408186e4bbccfd4996cb3dc -> 
  custom:container-muxer-webm: aa71ff27fc2769a1b78a27578f13a17b -> 
  custom:container-demuxer-webm: 4f35f7cbe854078d1ac9338744f61a02 -> 
  custom:video-encoder-webm-vp8: eb34c28f22e8b96e1ab97ce403110664 -> 
  custom:video-codec-MediaFoundation-h265: 746d11721c4dcdbdad8f713fa42b33f4 -> 
  custom:audio-encoder-webm-vorbis: bf7c407c2cedff20999df2af8eb42d56 -> 
  custom:framework-win-MediaFoundation: 216162199b28c13a410421893ffa2e32 -> 
  custom:container-demuxer-ogg: 62fdf1f143b41e24485cea50d1cbac27 -> 
  custom:video-decoder-webm-vp8: 9c59270c3fd7afecdb556c50c9e8de78 -> 
  custom:audio-decoder-ogg-vorbis: bf7c407c2cedff20999df2af8eb42d56 -> 
========================================================================
Received Import Request.
  Time since last request: 30201.309873 seconds.
  path: Assets/Scripts/TheWay/GiveDirection.cs
  artifactKey: Guid(817c0bd6d2f9baa40a1b33a1c8b6d2c5) Importer(815301076,1909f56bfc062723c751e8b465ee728b)
Start importing Assets/Scripts/TheWay/GiveDirection.cs using Guid(817c0bd6d2f9baa40a1b33a1c8b6d2c5) Importer(815301076,1909f56bfc062723c751e8b465ee728b)  -> (artifact id: 'd7634f84e7cb87dc76f6228b00e1f54b') in 0.095938 seconds 
========================================================================
Received Prepare
Registering precompiled user dll's ...
Registered in 0.008371 seconds.
Begin MonoManager ReloadAssembly
Symbol file LoadedFromMemory doesn't match image C:\Users\Luis\Documents\Faculdade\2023\23-01\DJO\T2\MisteriousChase\Library\PackageCache\com.unity.visualscripting@1.8.0\Editor\VisualScripting.Core\Dependencies\YamlDotNet\Unity.VisualScripting.YamlDotNet.dll
Symbol file LoadedFromMemory doesn't match image C:\Users\Luis\Documents\Faculdade\2023\23-01\DJO\T2\MisteriousChase\Library\PackageCache\com.unity.visualscripting@1.8.0\Editor\VisualScripting.Core\Dependencies\DotNetZip\Unity.VisualScripting.IonicZip.dll
Native extension for WindowsStandalone target not found
Native extension for Android target not found
Refreshing native plugins compatible for Editor in 0.85 ms, found 3 plugins.
Preloading 0 native plugins for Editor in 0.00 ms.
Mono: successfully reloaded assembly
- Completed reload, in  1.510 seconds
Domain Reload Profiling:
	ReloadAssembly (1511ms)
		BeginReloadAssembly (280ms)
			ExecutionOrderSort (0ms)
			DisableScriptedObjects (8ms)
			BackupInstance (0ms)
			ReleaseScriptingObjects (0ms)
			CreateAndSetChildDomain (49ms)
		EndReloadAssembly (1028ms)
			LoadAssemblies (217ms)
			RebuildTransferFunctionScriptingTraits (0ms)
			SetupTypeCache (320ms)
			ReleaseScriptCaches (1ms)
			RebuildScriptCaches (53ms)
			SetupLoadedEditorAssemblies (470ms)
				LogAssemblyErrors (0ms)
				InitializePlatformSupportModulesInManaged (32ms)
				SetLoadedEditorAssemblies (0ms)
				RefreshPlugins (1ms)
				BeforeProcessingInitializeOnLoad (98ms)
				ProcessInitializeOnLoadAttributes (302ms)
				ProcessInitializeOnLoadMethodAttributes (24ms)
				AfterProcessingInitializeOnLoad (12ms)
				EditorAssembliesLoaded (0ms)
			ExecutionOrderSort2 (0ms)
			AwakeInstancesAfterBackupRestoration (8ms)
Platform modules already initialized, skipping
Refreshing native plugins compatible for Editor in 4.97 ms, found 3 plugins.
Preloading 0 native plugins for Editor in 0.00 ms.
Unloading 3734 Unused Serialized files (Serialized files now loaded: 0)
Unloading 45 unused Assets / (1.4 MB). Loaded Objects now: 4267.
Memory consumption went from 231.9 MB to 230.5 MB.
Total: 3.472500 ms (FindLiveObjects: 0.480000 ms CreateObjectMapping: 0.294500 ms MarkObjects: 2.357100 ms  DeleteObjects: 0.339800 ms)

AssetImportParameters requested are different than current active one (requested -> active):
  custom:video-decoder-ogg-theora: a1e56fd34408186e4bbccfd4996cb3dc -> 
  custom:container-muxer-webm: aa71ff27fc2769a1b78a27578f13a17b -> 
  custom:container-demuxer-webm: 4f35f7cbe854078d1ac9338744f61a02 -> 
  custom:video-encoder-webm-vp8: eb34c28f22e8b96e1ab97ce403110664 -> 
  custom:video-codec-MediaFoundation-h265: 746d11721c4dcdbdad8f713fa42b33f4 -> 
  custom:audio-encoder-webm-vorbis: bf7c407c2cedff20999df2af8eb42d56 -> 
  custom:framework-win-MediaFoundation: 216162199b28c13a410421893ffa2e32 -> 
  custom:container-demuxer-ogg: 62fdf1f143b41e24485cea50d1cbac27 -> 
  custom:video-decoder-webm-vp8: 9c59270c3fd7afecdb556c50c9e8de78 -> 
  custom:audio-decoder-ogg-vorbis: bf7c407c2cedff20999df2af8eb42d56 -> 
========================================================================
Received Import Request.
  Time since last request: 1311.067867 seconds.
  path: Assets/Scenes/Cutscenes.unity
  artifactKey: Guid(589d2eccac008d24c816825323804ef0) Importer(815301076,1909f56bfc062723c751e8b465ee728b)
Start importing Assets/Scenes/Cutscenes.unity using Guid(589d2eccac008d24c816825323804ef0) Importer(815301076,1909f56bfc062723c751e8b465ee728b)  -> (artifact id: 'ddf0e750842a6decec343e0f52409803') in 0.020272 seconds 
========================================================================
Received Import Request.
  Time since last request: 77.146349 seconds.
  path: Assets/img/enredo/Cena 8.jpg
  artifactKey: Guid(d58063de740dbd3459c7ab3295a10e4f) Importer(815301076,1909f56bfc062723c751e8b465ee728b)
Start importing Assets/img/enredo/Cena 8.jpg using Guid(d58063de740dbd3459c7ab3295a10e4f) Importer(815301076,1909f56bfc062723c751e8b465ee728b)  -> (artifact id: '85dc23129b379d658214fe08f29c5230') in 0.132418 seconds 
========================================================================
Received Import Request.
  Time since last request: 0.000030 seconds.
  path: Assets/img/enredo/Cena 15.jpg
  artifactKey: Guid(cde46f627daa1a643990e351505a5392) Importer(815301076,1909f56bfc062723c751e8b465ee728b)
Start importing Assets/img/enredo/Cena 15.jpg using Guid(cde46f627daa1a643990e351505a5392) Importer(815301076,1909f56bfc062723c751e8b465ee728b)  -> (artifact id: 'e305fdb012db3a06c222beb53b30c951') in 0.033147 seconds 
========================================================================
Received Import Request.
  Time since last request: 0.000037 seconds.
  path: Assets/img/enredo/Cena 14.jpeg
  artifactKey: Guid(54d73e959ac139543ad5f40c37c96ef4) Importer(815301076,1909f56bfc062723c751e8b465ee728b)
Start importing Assets/img/enredo/Cena 14.jpeg using Guid(54d73e959ac139543ad5f40c37c96ef4) Importer(815301076,1909f56bfc062723c751e8b465ee728b)  -> (artifact id: '943733bbd2dfc282b79d00aa87002df9') in 0.034517 seconds 
========================================================================
Received Import Request.
  Time since last request: 0.000021 seconds.
  path: Assets/img/enredo/Cena 12.jpeg
  artifactKey: Guid(b584dddd52b010f4fa645b21773391d5) Importer(815301076,1909f56bfc062723c751e8b465ee728b)
Start importing Assets/img/enredo/Cena 12.jpeg using Guid(b584dddd52b010f4fa645b21773391d5) Importer(815301076,1909f56bfc062723c751e8b465ee728b)  -> (artifact id: 'd5c19963b3dad2ddb23ace1e429a2839') in 0.035099 seconds 
========================================================================
Received Import Request.
  Time since last request: 0.000029 seconds.
  path: Assets/img/enredo/Cena 13.jpeg
  artifactKey: Guid(e36f5427acb15a24b959c484e2765664) Importer(815301076,1909f56bfc062723c751e8b465ee728b)
Start importing Assets/img/enredo/Cena 13.jpeg using Guid(e36f5427acb15a24b959c484e2765664) Importer(815301076,1909f56bfc062723c751e8b465ee728b)  -> (artifact id: 'd6b20934da9346c15f1a69adc8037918') in 0.031107 seconds 
========================================================================
Received Import Request.
  Time since last request: 0.000021 seconds.
  path: Packages/com.unity.probuilder/Content/Icons/Toolbar/Background/Circle-22px_Hover.png
  artifactKey: Guid(72e91a236e4c6407ea89236b576032a5) Importer(815301076,1909f56bfc062723c751e8b465ee728b)
Start importing Packages/com.unity.probuilder/Content/Icons/Toolbar/Background/Circle-22px_Hover.png using Guid(72e91a236e4c6407ea89236b576032a5) Importer(815301076,1909f56bfc062723c751e8b465ee728b)  -> (artifact id: '1db28378e58766bd87bba582e623a221') in 0.031797 seconds 
========================================================================
Received Import Request.
  Time since last request: 0.000028 seconds.
  path: Assets/img/enredo/Cena 11.jpeg
  artifactKey: Guid(4aab84cd4b8200e4294d22b9a4c7ad10) Importer(815301076,1909f56bfc062723c751e8b465ee728b)
Start importing Assets/img/enredo/Cena 11.jpeg using Guid(4aab84cd4b8200e4294d22b9a4c7ad10) Importer(815301076,1909f56bfc062723c751e8b465ee728b)  -> (artifact id: 'edb637a7678782a875af44777d7dd861') in 0.033723 seconds 
========================================================================
Received Import Request.
  Time since last request: 0.000023 seconds.
  path: Assets/img/enredo/Cena 10.jpeg
  artifactKey: Guid(49e5a70c4f8bce048baf20e67b46c783) Importer(815301076,1909f56bfc062723c751e8b465ee728b)
Start importing Assets/img/enredo/Cena 10.jpeg using Guid(49e5a70c4f8bce048baf20e67b46c783) Importer(815301076,1909f56bfc062723c751e8b465ee728b)  -> (artifact id: '185be7ff57172da98b18e431b8286a2c') in 0.044830 seconds 
========================================================================
Received Import Request.
  Time since last request: 51.766559 seconds.
  path: Packages/com.unity.probuilder/Content/Icons/Toolbar/Background/Circle-22px_Hover_Light.png
  artifactKey: Guid(48bd4736bda1fc14cb837d4b7c55c89a) Importer(815301076,1909f56bfc062723c751e8b465ee728b)
Start importing Packages/com.unity.probuilder/Content/Icons/Toolbar/Background/Circle-22px_Hover_Light.png using Guid(48bd4736bda1fc14cb837d4b7c55c89a) Importer(815301076,1909f56bfc062723c751e8b465ee728b)  -> (artifact id: '553c4bb9cbfc82dbb2eca482d93df554') in 0.026330 seconds 
========================================================================
Received Import Request.
  Time since last request: 0.000017 seconds.
  path: Packages/com.unity.probuilder/Content/Icons/Toolbar/Background/Circle-22px_Normal.png
  artifactKey: Guid(5c97f1b8af7a54ebfa287033b3917c45) Importer(815301076,1909f56bfc062723c751e8b465ee728b)
Start importing Packages/com.unity.probuilder/Content/Icons/Toolbar/Background/Circle-22px_Normal.png using Guid(5c97f1b8af7a54ebfa287033b3917c45) Importer(815301076,1909f56bfc062723c751e8b465ee728b)  -> (artifact id: '0400709a0d6b042b6662a98389877179') in 0.028407 seconds 
========================================================================
Received Import Request.
  Time since last request: 1.161231 seconds.
  path: Assets/EldamarStudio/Realistic Materials Pack #1/Textures/Dungeon_Tiles_Pack/Dungeon_Tile_14/Dungeon_Tile_14_Bump.png
  artifactKey: Guid(37284e80d76749846a815c2cf8f0d548) Importer(815301076,1909f56bfc062723c751e8b465ee728b)
Start importing Assets/EldamarStudio/Realistic Materials Pack #1/Textures/Dungeon_Tiles_Pack/Dungeon_Tile_14/Dungeon_Tile_14_Bump.png using Guid(37284e80d76749846a815c2cf8f0d548) Importer(815301076,1909f56bfc062723c751e8b465ee728b)  -> (artifact id: 'ac6a33955aa2dc243df574b1f14fbac7') in 0.078409 seconds 
========================================================================
Received Import Request.
  Time since last request: 0.000023 seconds.
  path: Packages/com.unity.postprocessing/PostProcessing/Textures/BlueNoise64px/LDR_LLL1_14.png
  artifactKey: Guid(f6439b54b28f3884eb67579dec0b6f21) Importer(815301076,1909f56bfc062723c751e8b465ee728b)
Start importing Packages/com.unity.postprocessing/PostProcessing/Textures/BlueNoise64px/LDR_LLL1_14.png using Guid(f6439b54b28f3884eb67579dec0b6f21) Importer(815301076,1909f56bfc062723c751e8b465ee728b)  -> (artifact id: '21b0c4b0938cff55769c1070d87d970d') in 0.086505 seconds 
========================================================================
Received Import Request.
  Time since last request: 0.000023 seconds.
  path: Assets/EldamarStudio/Realistic Materials Pack #1/Textures/Dungeon_Tiles_Pack/Dungeon_Tile_14/Dungeon_Tile_14_Normal_Map.png
  artifactKey: Guid(a251eb252e31d8e44b7a8aa58cecc4cc) Importer(815301076,1909f56bfc062723c751e8b465ee728b)
Start importing Assets/EldamarStudio/Realistic Materials Pack #1/Textures/Dungeon_Tiles_Pack/Dungeon_Tile_14/Dungeon_Tile_14_Normal_Map.png using Guid(a251eb252e31d8e44b7a8aa58cecc4cc) Importer(815301076,1909f56bfc062723c751e8b465ee728b)  -> (artifact id: '4be1f1e76155dd6e41d69c2f8519015f') in 0.095445 seconds 
========================================================================
Received Import Request.
  Time since last request: 0.000030 seconds.
  path: Assets/EldamarStudio/Realistic Materials Pack #1/Textures/Dungeon_Tiles_Pack/Dungeon_Tile_14/Dungeon_Tile_14_Diffuse.png
  artifactKey: Guid(e2a63cf1acdccef4d95a8bb57dd8af8c) Importer(815301076,1909f56bfc062723c751e8b465ee728b)
Start importing Assets/EldamarStudio/Realistic Materials Pack #1/Textures/Dungeon_Tiles_Pack/Dungeon_Tile_14/Dungeon_Tile_14_Diffuse.png using Guid(e2a63cf1acdccef4d95a8bb57dd8af8c) Importer(815301076,1909f56bfc062723c751e8b465ee728b)  -> (artifact id: '8a5a3b3063d30c55b8233e3e095925c4') in 0.105245 seconds 
========================================================================
Received Import Request.
  Time since last request: 6.763116 seconds.
  path: Assets/DoorsPack/ModelsAndTextures/Door15/Door15_s.tga
  artifactKey: Guid(6cb67e5741a2d594db70ef9ea3d546f6) Importer(815301076,1909f56bfc062723c751e8b465ee728b)
Start importing Assets/DoorsPack/ModelsAndTextures/Door15/Door15_s.tga using Guid(6cb67e5741a2d594db70ef9ea3d546f6) Importer(815301076,1909f56bfc062723c751e8b465ee728b)  -> (artifact id: 'f0f0a914a9b4d6a85b2190e48ff1cbb4') in 0.207259 seconds 
========================================================================
Received Import Request.
  Time since last request: 0.000030 seconds.
  path: Assets/EldamarStudio/Realistic Materials Pack #1/Textures/Dungeon_Tiles_Pack/Dungeon_Tile_15/Dungeon_Tile_15_Diffuse.png
  artifactKey: Guid(bcfe736f24ada754c9ee0b39d5fe2deb) Importer(815301076,1909f56bfc062723c751e8b465ee728b)
Start importing Assets/EldamarStudio/Realistic Materials Pack #1/Textures/Dungeon_Tiles_Pack/Dungeon_Tile_15/Dungeon_Tile_15_Diffuse.png using Guid(bcfe736f24ada754c9ee0b39d5fe2deb) Importer(815301076,1909f56bfc062723c751e8b465ee728b)  -> (artifact id: '7eb11c2613dbff486c22ce3a97c81657') in 0.198228 seconds 
========================================================================
Received Import Request.
  Time since last request: 0.000031 seconds.
  path: Packages/com.unity.postprocessing/PostProcessing/Textures/BlueNoise64px/LDR_LLL1_15.png
  artifactKey: Guid(2ee161d8945169243b5698fec114e1b7) Importer(815301076,1909f56bfc062723c751e8b465ee728b)
Start importing Packages/com.unity.postprocessing/PostProcessing/Textures/BlueNoise64px/LDR_LLL1_15.png using Guid(2ee161d8945169243b5698fec114e1b7) Importer(815301076,1909f56bfc062723c751e8b465ee728b)  -> (artifact id: '381457566da9269495712763bb3e0a09') in 0.203068 seconds 
========================================================================
Received Import Request.
  Time since last request: 0.000027 seconds.
  path: Assets/EldamarStudio/Realistic Materials Pack #1/Textures/Dungeon_Tiles_Pack/Dungeon_Tile_15/Dungeon_Tile_15_Bump.png
  artifactKey: Guid(58a4f300eedfc354d95f76ec56cad240) Importer(815301076,1909f56bfc062723c751e8b465ee728b)
Start importing Assets/EldamarStudio/Realistic Materials Pack #1/Textures/Dungeon_Tiles_Pack/Dungeon_Tile_15/Dungeon_Tile_15_Bump.png using Guid(58a4f300eedfc354d95f76ec56cad240) Importer(815301076,1909f56bfc062723c751e8b465ee728b)  -> (artifact id: '94963574c13d385da65f861e90c1b68e') in 0.130796 seconds 
========================================================================
Received Import Request.
  Time since last request: 0.000031 seconds.
  path: Assets/DoorsPack/ModelsAndTextures/Door15/Door15_mask.tga
  artifactKey: Guid(4e31ed6b030cbd14ca5271d91cde0c41) Importer(815301076,1909f56bfc062723c751e8b465ee728b)
Start importing Assets/DoorsPack/ModelsAndTextures/Door15/Door15_mask.tga using Guid(4e31ed6b030cbd14ca5271d91cde0c41) Importer(815301076,1909f56bfc062723c751e8b465ee728b)  -> (artifact id: '1d0406deed91b6fc429c9326ab93681f') in 0.084184 seconds 
========================================================================
Received Import Request.
  Time since last request: 0.000022 seconds.
  path: Assets/DoorsPack/ModelsAndTextures/Door15/Door15_n.tga
  artifactKey: Guid(15a4dfac6d1413d448018033e5092134) Importer(815301076,1909f56bfc062723c751e8b465ee728b)
Start importing Assets/DoorsPack/ModelsAndTextures/Door15/Door15_n.tga using Guid(15a4dfac6d1413d448018033e5092134) Importer(815301076,1909f56bfc062723c751e8b465ee728b)  -> (artifact id: 'b0e4505fc9686bccb4e8cc0e345d42c4') in 0.272332 seconds 
========================================================================
Received Import Request.
  Time since last request: 0.000025 seconds.
  path: Assets/EldamarStudio/Realistic Materials Pack #1/Textures/Dungeon_Tiles_Pack/Dungeon_Tile_15/Dungeon_Tile_15_Normal_Map.png
  artifactKey: Guid(71bd3cca8d9ee3549a57b4df808d6e2d) Importer(815301076,1909f56bfc062723c751e8b465ee728b)
Start importing Assets/EldamarStudio/Realistic Materials Pack #1/Textures/Dungeon_Tiles_Pack/Dungeon_Tile_15/Dungeon_Tile_15_Normal_Map.png using Guid(71bd3cca8d9ee3549a57b4df808d6e2d) Importer(815301076,1909f56bfc062723c751e8b465ee728b)  -> (artifact id: '7d021ad51fe7875cb5db331b2d5e92f9') in 0.208866 seconds 
========================================================================
Received Import Request.
  Time since last request: 0.000029 seconds.
  path: Assets/DoorsPack/ModelsAndTextures/Door15/Door15_ao.tga
  artifactKey: Guid(3d2ddb4042ac8c0408738098aa90ae30) Importer(815301076,1909f56bfc062723c751e8b465ee728b)
Start importing Assets/DoorsPack/ModelsAndTextures/Door15/Door15_ao.tga using Guid(3d2ddb4042ac8c0408738098aa90ae30) Importer(815301076,1909f56bfc062723c751e8b465ee728b)  -> (artifact id: '211f3b6e3682e78f30a4f19f4f717a0f') in 0.295458 seconds 
========================================================================
Received Import Request.
  Time since last request: 0.002609 seconds.
  path: Assets/DoorsPack/ModelsAndTextures/Door15/Door15_d.tga
  artifactKey: Guid(644c789f4aa20c447b9433b67722c6e7) Importer(815301076,1909f56bfc062723c751e8b465ee728b)
Start importing Assets/DoorsPack/ModelsAndTextures/Door15/Door15_d.tga using Guid(644c789f4aa20c447b9433b67722c6e7) Importer(815301076,1909f56bfc062723c751e8b465ee728b)  -> (artifact id: '9e9d1f1de474155878b3779dc995c56e') in 0.180859 seconds 
========================================================================
Received Prepare
Registering precompiled user dll's ...
Registered in 0.005393 seconds.
Begin MonoManager ReloadAssembly
Symbol file LoadedFromMemory doesn't match image C:\Users\Luis\Documents\Faculdade\2023\23-01\DJO\T2\MisteriousChase\Library\PackageCache\com.unity.visualscripting@1.8.0\Editor\VisualScripting.Core\Dependencies\YamlDotNet\Unity.VisualScripting.YamlDotNet.dll
Symbol file LoadedFromMemory doesn't match image C:\Users\Luis\Documents\Faculdade\2023\23-01\DJO\T2\MisteriousChase\Library\PackageCache\com.unity.visualscripting@1.8.0\Editor\VisualScripting.Core\Dependencies\DotNetZip\Unity.VisualScripting.IonicZip.dll
Native extension for WindowsStandalone target not found
Native extension for Android target not found
Refreshing native plugins compatible for Editor in 0.96 ms, found 3 plugins.
Preloading 0 native plugins for Editor in 0.00 ms.
Mono: successfully reloaded assembly
- Completed reload, in  1.050 seconds
Domain Reload Profiling:
	ReloadAssembly (1051ms)
		BeginReloadAssembly (151ms)
			ExecutionOrderSort (0ms)
			DisableScriptedObjects (5ms)
			BackupInstance (0ms)
			ReleaseScriptingObjects (0ms)
			CreateAndSetChildDomain (46ms)
		EndReloadAssembly (794ms)
			LoadAssemblies (100ms)
			RebuildTransferFunctionScriptingTraits (0ms)
			SetupTypeCache (266ms)
			ReleaseScriptCaches (1ms)
			RebuildScriptCaches (43ms)
			SetupLoadedEditorAssemblies (327ms)
				LogAssemblyErrors (0ms)
				InitializePlatformSupportModulesInManaged (26ms)
				SetLoadedEditorAssemblies (0ms)
				RefreshPlugins (1ms)
				BeforeProcessingInitializeOnLoad (77ms)
				ProcessInitializeOnLoadAttributes (193ms)
				ProcessInitializeOnLoadMethodAttributes (20ms)
				AfterProcessingInitializeOnLoad (9ms)
				EditorAssembliesLoaded (0ms)
			ExecutionOrderSort2 (0ms)
			AwakeInstancesAfterBackupRestoration (6ms)
Platform modules already initialized, skipping
Refreshing native plugins compatible for Editor in 4.82 ms, found 3 plugins.
Preloading 0 native plugins for Editor in 0.00 ms.
Unloading 3734 Unused Serialized files (Serialized files now loaded: 0)
Unloading 45 unused Assets / (1.4 MB). Loaded Objects now: 4281.
Memory consumption went from 236.3 MB to 235.0 MB.
Total: 3.261500 ms (FindLiveObjects: 0.403900 ms CreateObjectMapping: 0.277000 ms MarkObjects: 2.254900 ms  DeleteObjects: 0.324100 ms)

AssetImportParameters requested are different than current active one (requested -> active):
  custom:video-decoder-ogg-theora: a1e56fd34408186e4bbccfd4996cb3dc -> 
  custom:container-muxer-webm: aa71ff27fc2769a1b78a27578f13a17b -> 
  custom:container-demuxer-webm: 4f35f7cbe854078d1ac9338744f61a02 -> 
  custom:video-encoder-webm-vp8: eb34c28f22e8b96e1ab97ce403110664 -> 
  custom:video-codec-MediaFoundation-h265: 746d11721c4dcdbdad8f713fa42b33f4 -> 
  custom:audio-encoder-webm-vorbis: bf7c407c2cedff20999df2af8eb42d56 -> 
  custom:framework-win-MediaFoundation: 216162199b28c13a410421893ffa2e32 -> 
  custom:container-demuxer-ogg: 62fdf1f143b41e24485cea50d1cbac27 -> 
  custom:video-decoder-webm-vp8: 9c59270c3fd7afecdb556c50c9e8de78 -> 
  custom:audio-decoder-ogg-vorbis: bf7c407c2cedff20999df2af8eb42d56 -> 
========================================================================
Received Import Request.
  Time since last request: 421.743468 seconds.
  path: Assets/DoorsPack/ModelsAndTextures/Door13/Door13_ao.tga
  artifactKey: Guid(29688015795b04b4c80bc2011c96aead) Importer(815301076,1909f56bfc062723c751e8b465ee728b)
Start importing Assets/DoorsPack/ModelsAndTextures/Door13/Door13_ao.tga using Guid(29688015795b04b4c80bc2011c96aead) Importer(815301076,1909f56bfc062723c751e8b465ee728b)  -> (artifact id: '5dea89775dc3d18f4a47cc278a031606') in 0.105560 seconds 
========================================================================
Received Import Request.
  Time since last request: 0.000031 seconds.
  path: Assets/DoorsPack/ModelsAndTextures/Door13/Door13_d.tga
  artifactKey: Guid(a6e1de6c24b67da48a54923630bade67) Importer(815301076,1909f56bfc062723c751e8b465ee728b)
Start importing Assets/DoorsPack/ModelsAndTextures/Door13/Door13_d.tga using Guid(a6e1de6c24b67da48a54923630bade67) Importer(815301076,1909f56bfc062723c751e8b465ee728b)  -> (artifact id: 'c99c5608058d83bd4852ce690cb0244f') in 0.072707 seconds 
========================================================================
Received Import Request.
  Time since last request: 0.000032 seconds.
  path: Assets/DoorsPack/ModelsAndTextures/Door13/Door13_s.tga
  artifactKey: Guid(84d4ee0b91375b447a8513d1396fba64) Importer(815301076,1909f56bfc062723c751e8b465ee728b)
Start importing Assets/DoorsPack/ModelsAndTextures/Door13/Door13_s.tga using Guid(84d4ee0b91375b447a8513d1396fba64) Importer(815301076,1909f56bfc062723c751e8b465ee728b)  -> (artifact id: '79ba6bc9f823b5fefd9adbe3ba7b5301') in 0.075846 seconds 
========================================================================
Received Import Request.
  Time since last request: 0.000020 seconds.
  path: Assets/EldamarStudio/Realistic Materials Pack #1/Textures/Dungeon_Tiles_Pack/Dungeon_Tile_13/Dungeon_Tile_13_Normal_Map.png
  artifactKey: Guid(de7ce627d19f82b4db66a7b3969c6433) Importer(815301076,1909f56bfc062723c751e8b465ee728b)
Start importing Assets/EldamarStudio/Realistic Materials Pack #1/Textures/Dungeon_Tiles_Pack/Dungeon_Tile_13/Dungeon_Tile_13_Normal_Map.png using Guid(de7ce627d19f82b4db66a7b3969c6433) Importer(815301076,1909f56bfc062723c751e8b465ee728b)  -> (artifact id: '3369f9c888c1497de306b55ecc89765c') in 0.128815 seconds 
========================================================================
Received Import Request.
  Time since last request: 0.000025 seconds.
  path: Packages/com.unity.postprocessing/PostProcessing/Textures/BlueNoise64px/LDR_LLL1_13.png
  artifactKey: Guid(68613e6a221be1a4b9f31d7fa1c2d1bf) Importer(815301076,1909f56bfc062723c751e8b465ee728b)
Start importing Packages/com.unity.postprocessing/PostProcessing/Textures/BlueNoise64px/LDR_LLL1_13.png using Guid(68613e6a221be1a4b9f31d7fa1c2d1bf) Importer(815301076,1909f56bfc062723c751e8b465ee728b)  -> (artifact id: '1ae53a81822dc7a4c0bfdbe56ea48edf') in 0.023450 seconds 
========================================================================
Received Import Request.
  Time since last request: 0.000035 seconds.
  path: Assets/DoorsPack/ModelsAndTextures/Door13/Door13_n.tga
  artifactKey: Guid(03fba0a06fe6c8845a2e611b631c8192) Importer(815301076,1909f56bfc062723c751e8b465ee728b)
Start importing Assets/DoorsPack/ModelsAndTextures/Door13/Door13_n.tga using Guid(03fba0a06fe6c8845a2e611b631c8192) Importer(815301076,1909f56bfc062723c751e8b465ee728b)  -> (artifact id: 'e12f348ce9c2006adb770ee1aea75e53') in 0.079744 seconds 
========================================================================
Received Import Request.
  Time since last request: 0.000018 seconds.
  path: Assets/EldamarStudio/Realistic Materials Pack #1/Textures/Dungeon_Tiles_Pack/Dungeon_Tile_13/Dungeon_Tile_13_Diffuse.png
  artifactKey: Guid(3c49af10af95f7540967dfb19dc20ed8) Importer(815301076,1909f56bfc062723c751e8b465ee728b)
Start importing Assets/EldamarStudio/Realistic Materials Pack #1/Textures/Dungeon_Tiles_Pack/Dungeon_Tile_13/Dungeon_Tile_13_Diffuse.png using Guid(3c49af10af95f7540967dfb19dc20ed8) Importer(815301076,1909f56bfc062723c751e8b465ee728b)  -> (artifact id: '01296cd6b897cfdce0d0eb1c6bbb913f') in 0.070936 seconds 
========================================================================
Received Import Request.
  Time since last request: 0.000017 seconds.
  path: Assets/EldamarStudio/Realistic Materials Pack #1/Textures/Dungeon_Tiles_Pack/Dungeon_Tile_13/Dungeon_Tile_13_Bump.png
  artifactKey: Guid(168a654514158a346b15380206cdc38e) Importer(815301076,1909f56bfc062723c751e8b465ee728b)
Start importing Assets/EldamarStudio/Realistic Materials Pack #1/Textures/Dungeon_Tiles_Pack/Dungeon_Tile_13/Dungeon_Tile_13_Bump.png using Guid(168a654514158a346b15380206cdc38e) Importer(815301076,1909f56bfc062723c751e8b465ee728b)  -> (artifact id: 'fb1a23adaa4183e77cfedceea2b37765') in 0.047750 seconds 
========================================================================
Received Prepare
Registering precompiled user dll's ...
Registered in 0.005806 seconds.
Begin MonoManager ReloadAssembly
Symbol file LoadedFromMemory doesn't match image C:\Users\Luis\Documents\Faculdade\2023\23-01\DJO\T2\MisteriousChase\Library\PackageCache\com.unity.visualscripting@1.8.0\Editor\VisualScripting.Core\Dependencies\YamlDotNet\Unity.VisualScripting.YamlDotNet.dll
Symbol file LoadedFromMemory doesn't match image C:\Users\Luis\Documents\Faculdade\2023\23-01\DJO\T2\MisteriousChase\Library\PackageCache\com.unity.visualscripting@1.8.0\Editor\VisualScripting.Core\Dependencies\DotNetZip\Unity.VisualScripting.IonicZip.dll
Native extension for WindowsStandalone target not found
Native extension for Android target not found
Refreshing native plugins compatible for Editor in 1.74 ms, found 3 plugins.
Preloading 0 native plugins for Editor in 0.00 ms.
Mono: successfully reloaded assembly
- Completed reload, in  1.314 seconds
Domain Reload Profiling:
	ReloadAssembly (1316ms)
		BeginReloadAssembly (164ms)
			ExecutionOrderSort (0ms)
			DisableScriptedObjects (6ms)
			BackupInstance (0ms)
			ReleaseScriptingObjects (0ms)
			CreateAndSetChildDomain (39ms)
		EndReloadAssembly (992ms)
			LoadAssemblies (116ms)
			RebuildTransferFunctionScriptingTraits (0ms)
			SetupTypeCache (324ms)
			ReleaseScriptCaches (1ms)
			RebuildScriptCaches (52ms)
			SetupLoadedEditorAssemblies (426ms)
				LogAssemblyErrors (0ms)
				InitializePlatformSupportModulesInManaged (28ms)
				SetLoadedEditorAssemblies (1ms)
				RefreshPlugins (2ms)
				BeforeProcessingInitializeOnLoad (108ms)
				ProcessInitializeOnLoadAttributes (248ms)
				ProcessInitializeOnLoadMethodAttributes (24ms)
				AfterProcessingInitializeOnLoad (14ms)
				EditorAssembliesLoaded (0ms)
			ExecutionOrderSort2 (0ms)
			AwakeInstancesAfterBackupRestoration (9ms)
Platform modules already initialized, skipping
Refreshing native plugins compatible for Editor in 4.01 ms, found 3 plugins.
Preloading 0 native plugins for Editor in 0.00 ms.
Unloading 3734 Unused Serialized files (Serialized files now loaded: 0)
Unloading 45 unused Assets / (1.3 MB). Loaded Objects now: 4284.
Memory consumption went from 236.3 MB to 235.0 MB.
Total: 2.939800 ms (FindLiveObjects: 0.286400 ms CreateObjectMapping: 0.188200 ms MarkObjects: 2.137500 ms  DeleteObjects: 0.326300 ms)

AssetImportParameters requested are different than current active one (requested -> active):
  custom:video-decoder-ogg-theora: a1e56fd34408186e4bbccfd4996cb3dc -> 
  custom:container-muxer-webm: aa71ff27fc2769a1b78a27578f13a17b -> 
  custom:container-demuxer-webm: 4f35f7cbe854078d1ac9338744f61a02 -> 
  custom:video-encoder-webm-vp8: eb34c28f22e8b96e1ab97ce403110664 -> 
  custom:video-codec-MediaFoundation-h265: 746d11721c4dcdbdad8f713fa42b33f4 -> 
  custom:audio-encoder-webm-vorbis: bf7c407c2cedff20999df2af8eb42d56 -> 
  custom:framework-win-MediaFoundation: 216162199b28c13a410421893ffa2e32 -> 
  custom:container-demuxer-ogg: 62fdf1f143b41e24485cea50d1cbac27 -> 
  custom:video-decoder-webm-vp8: 9c59270c3fd7afecdb556c50c9e8de78 -> 
  custom:audio-decoder-ogg-vorbis: bf7c407c2cedff20999df2af8eb42d56 -> 
========================================================================
Received Prepare
Registering precompiled user dll's ...
Registered in 0.006204 seconds.
Begin MonoManager ReloadAssembly
Symbol file LoadedFromMemory doesn't match image C:\Users\Luis\Documents\Faculdade\2023\23-01\DJO\T2\MisteriousChase\Library\PackageCache\com.unity.visualscripting@1.8.0\Editor\VisualScripting.Core\Dependencies\YamlDotNet\Unity.VisualScripting.YamlDotNet.dll
Symbol file LoadedFromMemory doesn't match image C:\Users\Luis\Documents\Faculdade\2023\23-01\DJO\T2\MisteriousChase\Library\PackageCache\com.unity.visualscripting@1.8.0\Editor\VisualScripting.Core\Dependencies\DotNetZip\Unity.VisualScripting.IonicZip.dll
Native extension for WindowsStandalone target not found
Native extension for Android target not found
Refreshing native plugins compatible for Editor in 1.15 ms, found 3 plugins.
Preloading 0 native plugins for Editor in 0.00 ms.
Mono: successfully reloaded assembly
- Completed reload, in  1.554 seconds
Domain Reload Profiling:
	ReloadAssembly (1555ms)
		BeginReloadAssembly (193ms)
			ExecutionOrderSort (0ms)
			DisableScriptedObjects (8ms)
			BackupInstance (0ms)
			ReleaseScriptingObjects (0ms)
			CreateAndSetChildDomain (41ms)
		EndReloadAssembly (1207ms)
			LoadAssemblies (127ms)
			RebuildTransferFunctionScriptingTraits (0ms)
			SetupTypeCache (414ms)
			ReleaseScriptCaches (2ms)
			RebuildScriptCaches (98ms)
			SetupLoadedEditorAssemblies (464ms)
				LogAssemblyErrors (0ms)
				InitializePlatformSupportModulesInManaged (29ms)
				SetLoadedEditorAssemblies (0ms)
				RefreshPlugins (1ms)
				BeforeProcessingInitializeOnLoad (110ms)
				ProcessInitializeOnLoadAttributes (278ms)
				ProcessInitializeOnLoadMethodAttributes (33ms)
				AfterProcessingInitializeOnLoad (12ms)
				EditorAssembliesLoaded (0ms)
			ExecutionOrderSort2 (0ms)
			AwakeInstancesAfterBackupRestoration (9ms)
Platform modules already initialized, skipping
Refreshing native plugins compatible for Editor in 5.13 ms, found 3 plugins.
Preloading 0 native plugins for Editor in 0.00 ms.
Unloading 3734 Unused Serialized files (Serialized files now loaded: 0)
Unloading 45 unused Assets / (1.4 MB). Loaded Objects now: 4287.
Memory consumption went from 236.3 MB to 235.0 MB.
Total: 2.963200 ms (FindLiveObjects: 0.293400 ms CreateObjectMapping: 0.213300 ms MarkObjects: 2.135700 ms  DeleteObjects: 0.319800 ms)

AssetImportParameters requested are different than current active one (requested -> active):
  custom:video-decoder-ogg-theora: a1e56fd34408186e4bbccfd4996cb3dc -> 
  custom:container-muxer-webm: aa71ff27fc2769a1b78a27578f13a17b -> 
  custom:container-demuxer-webm: 4f35f7cbe854078d1ac9338744f61a02 -> 
  custom:video-encoder-webm-vp8: eb34c28f22e8b96e1ab97ce403110664 -> 
  custom:video-codec-MediaFoundation-h265: 746d11721c4dcdbdad8f713fa42b33f4 -> 
  custom:audio-encoder-webm-vorbis: bf7c407c2cedff20999df2af8eb42d56 -> 
  custom:framework-win-MediaFoundation: 216162199b28c13a410421893ffa2e32 -> 
  custom:container-demuxer-ogg: 62fdf1f143b41e24485cea50d1cbac27 -> 
  custom:video-decoder-webm-vp8: 9c59270c3fd7afecdb556c50c9e8de78 -> 
  custom:audio-decoder-ogg-vorbis: bf7c407c2cedff20999df2af8eb42d56 -> 
========================================================================
Received Prepare
Registering precompiled user dll's ...
Registered in 0.006646 seconds.
Begin MonoManager ReloadAssembly
Symbol file LoadedFromMemory doesn't match image C:\Users\Luis\Documents\Faculdade\2023\23-01\DJO\T2\MisteriousChase\Library\PackageCache\com.unity.visualscripting@1.8.0\Editor\VisualScripting.Core\Dependencies\YamlDotNet\Unity.VisualScripting.YamlDotNet.dll
Symbol file LoadedFromMemory doesn't match image C:\Users\Luis\Documents\Faculdade\2023\23-01\DJO\T2\MisteriousChase\Library\PackageCache\com.unity.visualscripting@1.8.0\Editor\VisualScripting.Core\Dependencies\DotNetZip\Unity.VisualScripting.IonicZip.dll
Native extension for WindowsStandalone target not found
Native extension for Android target not found
Refreshing native plugins compatible for Editor in 1.23 ms, found 3 plugins.
Preloading 0 native plugins for Editor in 0.00 ms.
Mono: successfully reloaded assembly
- Completed reload, in  1.394 seconds
Domain Reload Profiling:
	ReloadAssembly (1394ms)
		BeginReloadAssembly (194ms)
			ExecutionOrderSort (0ms)
			DisableScriptedObjects (8ms)
			BackupInstance (0ms)
			ReleaseScriptingObjects (0ms)
			CreateAndSetChildDomain (44ms)
		EndReloadAssembly (890ms)
			LoadAssemblies (135ms)
			RebuildTransferFunctionScriptingTraits (0ms)
			SetupTypeCache (270ms)
			ReleaseScriptCaches (2ms)
			RebuildScriptCaches (47ms)
			SetupLoadedEditorAssemblies (400ms)
				LogAssemblyErrors (0ms)
				InitializePlatformSupportModulesInManaged (26ms)
				SetLoadedEditorAssemblies (0ms)
				RefreshPlugins (1ms)
				BeforeProcessingInitializeOnLoad (92ms)
				ProcessInitializeOnLoadAttributes (249ms)
				ProcessInitializeOnLoadMethodAttributes (22ms)
				AfterProcessingInitializeOnLoad (9ms)
				EditorAssembliesLoaded (0ms)
			ExecutionOrderSort2 (0ms)
			AwakeInstancesAfterBackupRestoration (7ms)
Platform modules already initialized, skipping
Refreshing native plugins compatible for Editor in 12.49 ms, found 3 plugins.
Preloading 0 native plugins for Editor in 0.00 ms.
Unloading 3734 Unused Serialized files (Serialized files now loaded: 0)
Unloading 45 unused Assets / (1.3 MB). Loaded Objects now: 4290.
Memory consumption went from 236.3 MB to 235.0 MB.
Total: 5.959400 ms (FindLiveObjects: 0.717300 ms CreateObjectMapping: 0.270000 ms MarkObjects: 4.258900 ms  DeleteObjects: 0.711400 ms)

AssetImportParameters requested are different than current active one (requested -> active):
  custom:video-decoder-ogg-theora: a1e56fd34408186e4bbccfd4996cb3dc -> 
  custom:container-muxer-webm: aa71ff27fc2769a1b78a27578f13a17b -> 
  custom:container-demuxer-webm: 4f35f7cbe854078d1ac9338744f61a02 -> 
  custom:video-encoder-webm-vp8: eb34c28f22e8b96e1ab97ce403110664 -> 
  custom:video-codec-MediaFoundation-h265: 746d11721c4dcdbdad8f713fa42b33f4 -> 
  custom:audio-encoder-webm-vorbis: bf7c407c2cedff20999df2af8eb42d56 -> 
  custom:framework-win-MediaFoundation: 216162199b28c13a410421893ffa2e32 -> 
  custom:container-demuxer-ogg: 62fdf1f143b41e24485cea50d1cbac27 -> 
  custom:video-decoder-webm-vp8: 9c59270c3fd7afecdb556c50c9e8de78 -> 
  custom:audio-decoder-ogg-vorbis: bf7c407c2cedff20999df2af8eb42d56 -> 
========================================================================
Received Import Request.
  Time since last request: 126.272332 seconds.
  path: Assets/img/NextButton.png
  artifactKey: Guid(e2b71f36a3ef4f442b107f4ab42a58e2) Importer(815301076,1909f56bfc062723c751e8b465ee728b)
Start importing Assets/img/NextButton.png using Guid(e2b71f36a3ef4f442b107f4ab42a58e2) Importer(815301076,1909f56bfc062723c751e8b465ee728b)  -> (artifact id: 'c07f4db286fa0f7888512e175c7f6b16') in 0.050592 seconds 
========================================================================
Received Prepare
Registering precompiled user dll's ...
Registered in 0.008715 seconds.
Begin MonoManager ReloadAssembly
Symbol file LoadedFromMemory doesn't match image C:\Users\Luis\Documents\Faculdade\2023\23-01\DJO\T2\MisteriousChase\Library\PackageCache\com.unity.visualscripting@1.8.0\Editor\VisualScripting.Core\Dependencies\YamlDotNet\Unity.VisualScripting.YamlDotNet.dll
Symbol file LoadedFromMemory doesn't match image C:\Users\Luis\Documents\Faculdade\2023\23-01\DJO\T2\MisteriousChase\Library\PackageCache\com.unity.visualscripting@1.8.0\Editor\VisualScripting.Core\Dependencies\DotNetZip\Unity.VisualScripting.IonicZip.dll
Native extension for WindowsStandalone target not found
Native extension for Android target not found
Refreshing native plugins compatible for Editor in 1.19 ms, found 3 plugins.
Preloading 0 native plugins for Editor in 0.00 ms.
Mono: successfully reloaded assembly
- Completed reload, in  1.269 seconds
Domain Reload Profiling:
	ReloadAssembly (1269ms)
		BeginReloadAssembly (218ms)
			ExecutionOrderSort (0ms)
			DisableScriptedObjects (7ms)
			BackupInstance (0ms)
			ReleaseScriptingObjects (0ms)
			CreateAndSetChildDomain (49ms)
		EndReloadAssembly (924ms)
			LoadAssemblies (127ms)
			RebuildTransferFunctionScriptingTraits (0ms)
			SetupTypeCache (272ms)
			ReleaseScriptCaches (1ms)
			RebuildScriptCaches (66ms)
			SetupLoadedEditorAssemblies (385ms)
				LogAssemblyErrors (0ms)
				InitializePlatformSupportModulesInManaged (29ms)
				SetLoadedEditorAssemblies (0ms)
				RefreshPlugins (1ms)
				BeforeProcessingInitializeOnLoad (92ms)
				ProcessInitializeOnLoadAttributes (228ms)
				ProcessInitializeOnLoadMethodAttributes (23ms)
				AfterProcessingInitializeOnLoad (13ms)
				EditorAssembliesLoaded (0ms)
			ExecutionOrderSort2 (0ms)
			AwakeInstancesAfterBackupRestoration (7ms)
Platform modules already initialized, skipping
Refreshing native plugins compatible for Editor in 8.12 ms, found 3 plugins.
Preloading 0 native plugins for Editor in 0.00 ms.
Unloading 3734 Unused Serialized files (Serialized files now loaded: 0)
Unloading 45 unused Assets / (1.3 MB). Loaded Objects now: 4294.
Memory consumption went from 236.4 MB to 235.0 MB.
Total: 5.576600 ms (FindLiveObjects: 0.347500 ms CreateObjectMapping: 0.337300 ms MarkObjects: 4.563300 ms  DeleteObjects: 0.327300 ms)

AssetImportParameters requested are different than current active one (requested -> active):
  custom:video-decoder-ogg-theora: a1e56fd34408186e4bbccfd4996cb3dc -> 
  custom:container-muxer-webm: aa71ff27fc2769a1b78a27578f13a17b -> 
  custom:container-demuxer-webm: 4f35f7cbe854078d1ac9338744f61a02 -> 
  custom:video-encoder-webm-vp8: eb34c28f22e8b96e1ab97ce403110664 -> 
  custom:video-codec-MediaFoundation-h265: 746d11721c4dcdbdad8f713fa42b33f4 -> 
  custom:audio-encoder-webm-vorbis: bf7c407c2cedff20999df2af8eb42d56 -> 
  custom:framework-win-MediaFoundation: 216162199b28c13a410421893ffa2e32 -> 
  custom:container-demuxer-ogg: 62fdf1f143b41e24485cea50d1cbac27 -> 
  custom:video-decoder-webm-vp8: 9c59270c3fd7afecdb556c50c9e8de78 -> 
  custom:audio-decoder-ogg-vorbis: bf7c407c2cedff20999df2af8eb42d56 -> 
========================================================================
Received Prepare
Registering precompiled user dll's ...
Registered in 0.009782 seconds.
Begin MonoManager ReloadAssembly
Symbol file LoadedFromMemory doesn't match image C:\Users\Luis\Documents\Faculdade\2023\23-01\DJO\T2\MisteriousChase\Library\PackageCache\com.unity.visualscripting@1.8.0\Editor\VisualScripting.Core\Dependencies\YamlDotNet\Unity.VisualScripting.YamlDotNet.dll
Symbol file LoadedFromMemory doesn't match image C:\Users\Luis\Documents\Faculdade\2023\23-01\DJO\T2\MisteriousChase\Library\PackageCache\com.unity.visualscripting@1.8.0\Editor\VisualScripting.Core\Dependencies\DotNetZip\Unity.VisualScripting.IonicZip.dll
Native extension for WindowsStandalone target not found
Native extension for Android target not found
Refreshing native plugins compatible for Editor in 1.22 ms, found 3 plugins.
Preloading 0 native plugins for Editor in 0.00 ms.
Mono: successfully reloaded assembly
- Completed reload, in  2.011 seconds
Domain Reload Profiling:
	ReloadAssembly (2012ms)
		BeginReloadAssembly (382ms)
			ExecutionOrderSort (0ms)
			DisableScriptedObjects (12ms)
			BackupInstance (0ms)
			ReleaseScriptingObjects (0ms)
			CreateAndSetChildDomain (60ms)
		EndReloadAssembly (1444ms)
			LoadAssemblies (293ms)
			RebuildTransferFunctionScriptingTraits (0ms)
			SetupTypeCache (419ms)
			ReleaseScriptCaches (2ms)
			RebuildScriptCaches (81ms)
			SetupLoadedEditorAssemblies (573ms)
				LogAssemblyErrors (0ms)
				InitializePlatformSupportModulesInManaged (52ms)
				SetLoadedEditorAssemblies (0ms)
				RefreshPlugins (1ms)
				BeforeProcessingInitializeOnLoad (145ms)
				ProcessInitializeOnLoadAttributes (322ms)
				ProcessInitializeOnLoadMethodAttributes (37ms)
				AfterProcessingInitializeOnLoad (14ms)
				EditorAssembliesLoaded (0ms)
			ExecutionOrderSort2 (0ms)
			AwakeInstancesAfterBackupRestoration (13ms)
Platform modules already initialized, skipping
Refreshing native plugins compatible for Editor in 13.30 ms, found 3 plugins.
Preloading 0 native plugins for Editor in 0.00 ms.
Unloading 3734 Unused Serialized files (Serialized files now loaded: 0)
Unloading 45 unused Assets / (1.3 MB). Loaded Objects now: 4297.
Memory consumption went from 236.4 MB to 235.0 MB.
Total: 13.771900 ms (FindLiveObjects: 3.090200 ms CreateObjectMapping: 0.286200 ms MarkObjects: 7.761300 ms  DeleteObjects: 2.632800 ms)

AssetImportParameters requested are different than current active one (requested -> active):
  custom:video-decoder-ogg-theora: a1e56fd34408186e4bbccfd4996cb3dc -> 
  custom:container-muxer-webm: aa71ff27fc2769a1b78a27578f13a17b -> 
  custom:container-demuxer-webm: 4f35f7cbe854078d1ac9338744f61a02 -> 
  custom:video-encoder-webm-vp8: eb34c28f22e8b96e1ab97ce403110664 -> 
  custom:video-codec-MediaFoundation-h265: 746d11721c4dcdbdad8f713fa42b33f4 -> 
  custom:audio-encoder-webm-vorbis: bf7c407c2cedff20999df2af8eb42d56 -> 
  custom:framework-win-MediaFoundation: 216162199b28c13a410421893ffa2e32 -> 
  custom:container-demuxer-ogg: 62fdf1f143b41e24485cea50d1cbac27 -> 
  custom:video-decoder-webm-vp8: 9c59270c3fd7afecdb556c50c9e8de78 -> 
  custom:audio-decoder-ogg-vorbis: bf7c407c2cedff20999df2af8eb42d56 -> 
========================================================================
Received Import Request.
  Time since last request: 385.779781 seconds.
  path: Assets/Scripts/Maze/Maze.cs
  artifactKey: Guid(814638c71e2875e4ea88743c08e12624) Importer(815301076,1909f56bfc062723c751e8b465ee728b)
Start importing Assets/Scripts/Maze/Maze.cs using Guid(814638c71e2875e4ea88743c08e12624) Importer(815301076,1909f56bfc062723c751e8b465ee728b)  -> (artifact id: '0667bc2051de48d3a17418a6f2b8361c') in 0.020726 seconds 
========================================================================
Received Import Request.
  Time since last request: 8.416018 seconds.
  path: Assets/Scripts/TheWay/GiveDirection.cs
  artifactKey: Guid(817c0bd6d2f9baa40a1b33a1c8b6d2c5) Importer(815301076,1909f56bfc062723c751e8b465ee728b)
Start importing Assets/Scripts/TheWay/GiveDirection.cs using Guid(817c0bd6d2f9baa40a1b33a1c8b6d2c5) Importer(815301076,1909f56bfc062723c751e8b465ee728b)  -> (artifact id: 'ee8d6374f3d59e2a6ecde8ba7434a563') in 0.006428 seconds 
========================================================================
Received Import Request.
  Time since last request: 13.812063 seconds.
  path: Assets/Scripts/TheWay/GiveDirection.cs
  artifactKey: Guid(817c0bd6d2f9baa40a1b33a1c8b6d2c5) Importer(815301076,1909f56bfc062723c751e8b465ee728b)
Start importing Assets/Scripts/TheWay/GiveDirection.cs using Guid(817c0bd6d2f9baa40a1b33a1c8b6d2c5) Importer(815301076,1909f56bfc062723c751e8b465ee728b)  -> (artifact id: '54465189a0630b85626e2d8a4dc60350') in 0.003023 seconds 
========================================================================
Received Prepare
Registering precompiled user dll's ...
Registered in 0.006681 seconds.
Begin MonoManager ReloadAssembly
Symbol file LoadedFromMemory doesn't match image C:\Users\Luis\Documents\Faculdade\2023\23-01\DJO\T2\MisteriousChase\Library\PackageCache\com.unity.visualscripting@1.8.0\Editor\VisualScripting.Core\Dependencies\YamlDotNet\Unity.VisualScripting.YamlDotNet.dll
Symbol file LoadedFromMemory doesn't match image C:\Users\Luis\Documents\Faculdade\2023\23-01\DJO\T2\MisteriousChase\Library\PackageCache\com.unity.visualscripting@1.8.0\Editor\VisualScripting.Core\Dependencies\DotNetZip\Unity.VisualScripting.IonicZip.dll
Native extension for WindowsStandalone target not found
Native extension for Android target not found
Refreshing native plugins compatible for Editor in 1.50 ms, found 3 plugins.
Preloading 0 native plugins for Editor in 0.00 ms.
Mono: successfully reloaded assembly
- Completed reload, in  3.771 seconds
Domain Reload Profiling:
	ReloadAssembly (3772ms)
		BeginReloadAssembly (551ms)
			ExecutionOrderSort (0ms)
			DisableScriptedObjects (11ms)
			BackupInstance (0ms)
			ReleaseScriptingObjects (0ms)
			CreateAndSetChildDomain (203ms)
		EndReloadAssembly (2964ms)
			LoadAssemblies (326ms)
			RebuildTransferFunctionScriptingTraits (0ms)
			SetupTypeCache (838ms)
			ReleaseScriptCaches (3ms)
			RebuildScriptCaches (86ms)
			SetupLoadedEditorAssemblies (1622ms)
				LogAssemblyErrors (0ms)
				InitializePlatformSupportModulesInManaged (53ms)
				SetLoadedEditorAssemblies (0ms)
				RefreshPlugins (2ms)
				BeforeProcessingInitializeOnLoad (555ms)
				ProcessInitializeOnLoadAttributes (895ms)
				ProcessInitializeOnLoadMethodAttributes (83ms)
				AfterProcessingInitializeOnLoad (32ms)
				EditorAssembliesLoaded (2ms)
			ExecutionOrderSort2 (0ms)
			AwakeInstancesAfterBackupRestoration (109ms)
Platform modules already initialized, skipping
Refreshing native plugins compatible for Editor in 33.75 ms, found 3 plugins.
Preloading 0 native plugins for Editor in 0.00 ms.
Unloading 3734 Unused Serialized files (Serialized files now loaded: 0)
Unloading 45 unused Assets / (1.3 MB). Loaded Objects now: 4300.
Memory consumption went from 236.4 MB to 235.0 MB.
Total: 40.558000 ms (FindLiveObjects: 0.348400 ms CreateObjectMapping: 1.596300 ms MarkObjects: 38.137100 ms  DeleteObjects: 0.474700 ms)

AssetImportParameters requested are different than current active one (requested -> active):
  custom:video-decoder-ogg-theora: a1e56fd34408186e4bbccfd4996cb3dc -> 
  custom:container-muxer-webm: aa71ff27fc2769a1b78a27578f13a17b -> 
  custom:container-demuxer-webm: 4f35f7cbe854078d1ac9338744f61a02 -> 
  custom:video-encoder-webm-vp8: eb34c28f22e8b96e1ab97ce403110664 -> 
  custom:video-codec-MediaFoundation-h265: 746d11721c4dcdbdad8f713fa42b33f4 -> 
  custom:audio-encoder-webm-vorbis: bf7c407c2cedff20999df2af8eb42d56 -> 
  custom:framework-win-MediaFoundation: 216162199b28c13a410421893ffa2e32 -> 
  custom:container-demuxer-ogg: 62fdf1f143b41e24485cea50d1cbac27 -> 
  custom:video-decoder-webm-vp8: 9c59270c3fd7afecdb556c50c9e8de78 -> 
  custom:audio-decoder-ogg-vorbis: bf7c407c2cedff20999df2af8eb42d56 -> 
========================================================================
Received Prepare
Refreshing native plugins compatible for Editor in 13.48 ms, found 3 plugins.
Preloading 0 native plugins for Editor in 0.00 ms.
Unloading 45 Unused Serialized files (Serialized files now loaded: 0)
Unloading 45 unused Assets / (1.4 MB). Loaded Objects now: 4300.
Memory consumption went from 162.6 MB to 161.2 MB.
Total: 2.862000 ms (FindLiveObjects: 0.285800 ms CreateObjectMapping: 0.190800 ms MarkObjects: 2.071400 ms  DeleteObjects: 0.313200 ms)

AssetImportParameters requested are different than current active one (requested -> active):
  custom:video-decoder-ogg-theora: a1e56fd34408186e4bbccfd4996cb3dc -> 
  custom:container-muxer-webm: aa71ff27fc2769a1b78a27578f13a17b -> 
  custom:container-demuxer-webm: 4f35f7cbe854078d1ac9338744f61a02 -> 
  custom:video-encoder-webm-vp8: eb34c28f22e8b96e1ab97ce403110664 -> 
  custom:video-codec-MediaFoundation-h265: 746d11721c4dcdbdad8f713fa42b33f4 -> 
  custom:audio-encoder-webm-vorbis: bf7c407c2cedff20999df2af8eb42d56 -> 
  custom:framework-win-MediaFoundation: 216162199b28c13a410421893ffa2e32 -> 
  custom:container-demuxer-ogg: 62fdf1f143b41e24485cea50d1cbac27 -> 
  custom:video-decoder-webm-vp8: 9c59270c3fd7afecdb556c50c9e8de78 -> 
  custom:audio-decoder-ogg-vorbis: bf7c407c2cedff20999df2af8eb42d56 -> 
